<?xml version="1.0" encoding="UTF-8"?>
<testsuite xmlns:xsi="http://www.w3.org/2001/XMLSchema-instance" xsi:noNamespaceSchemaLocation="https://maven.apache.org/surefire/maven-surefire-plugin/xsd/surefire-test-report.xsd" name="com.example.conexatest.conexatest.FilmServiceTest" time="0.544" tests="4" errors="4" skipped="0" failures="0">
  <properties>
[...]
</properties>
  <testcase name="testGetFilms" classname="com.example.conexatest.conexatest.FilmServiceTest" time="0.529">
    <error message="&#10;Failed to release mocks&#10;&#10;This should not happen unless you are using a third-party mock maker" type="org.mockito.exceptions.base.MockitoException">org.mockito.exceptions.base.MockitoException: 

Failed to release mocks

This should not happen unless you are using a third-party mock maker
	at com.example.conexatest.conexatest.FilmServiceTest.setUp(FilmServiceTest.java:45)
Caused by: org.mockito.exceptions.misusing.InjectMocksException: 

Cannot instantiate @InjectMocks field named 'filmService' of type 'class com.example.conexatest.conexatest.service.FilmService'.
You haven't provided the instance at field declaration so I tried to construct the instance.
However the constructor or the initialization block threw an exception : Cannot invoke "org.springframework.web.reactive.function.client.WebClient$Builder.build()" because the return value of "org.springframework.web.reactive.function.client.WebClient$Builder.baseUrl(String)" is null

	at com.example.conexatest.conexatest.FilmServiceTest.setUp(FilmServiceTest.java:45)
Caused by: java.lang.NullPointerException: Cannot invoke "org.springframework.web.reactive.function.client.WebClient$Builder.build()" because the return value of "org.springframework.web.reactive.function.client.WebClient$Builder.baseUrl(String)" is null
	at com.example.conexatest.conexatest.FilmServiceTest.setUp(FilmServiceTest.java:45)
</error>
  </testcase>
  <testcase name="testGetFilmsWithNameOrId" classname="com.example.conexatest.conexatest.FilmServiceTest" time="0">
    <error message="&#10;Failed to release mocks&#10;&#10;This should not happen unless you are using a third-party mock maker" type="org.mockito.exceptions.base.MockitoException">org.mockito.exceptions.base.MockitoException: 

Failed to release mocks

This should not happen unless you are using a third-party mock maker
	at com.example.conexatest.conexatest.FilmServiceTest.setUp(FilmServiceTest.java:45)
Caused by: org.mockito.exceptions.misusing.InjectMocksException: 

Cannot instantiate @InjectMocks field named 'filmService' of type 'class com.example.conexatest.conexatest.service.FilmService'.
You haven't provided the instance at field declaration so I tried to construct the instance.
However the constructor or the initialization block threw an exception : Cannot invoke "org.springframework.web.reactive.function.client.WebClient$Builder.build()" because the return value of "org.springframework.web.reactive.function.client.WebClient$Builder.baseUrl(String)" is null

	at com.example.conexatest.conexatest.FilmServiceTest.setUp(FilmServiceTest.java:45)
Caused by: java.lang.NullPointerException: Cannot invoke "org.springframework.web.reactive.function.client.WebClient$Builder.build()" because the return value of "org.springframework.web.reactive.function.client.WebClient$Builder.baseUrl(String)" is null
	at com.example.conexatest.conexatest.FilmServiceTest.setUp(FilmServiceTest.java:45)
</error>
  </testcase>
  <testcase name="testGetFilmsById" classname="com.example.conexatest.conexatest.FilmServiceTest" time="0.001">
    <error message="&#10;Failed to release mocks&#10;&#10;This should not happen unless you are using a third-party mock maker" type="org.mockito.exceptions.base.MockitoException">org.mockito.exceptions.base.MockitoException: 

Failed to release mocks

This should not happen unless you are using a third-party mock maker
	at com.example.conexatest.conexatest.FilmServiceTest.setUp(FilmServiceTest.java:45)
Caused by: org.mockito.exceptions.misusing.InjectMocksException: 

Cannot instantiate @InjectMocks field named 'filmService' of type 'class com.example.conexatest.conexatest.service.FilmService'.
You haven't provided the instance at field declaration so I tried to construct the instance.
However the constructor or the initialization block threw an exception : Cannot invoke "org.springframework.web.reactive.function.client.WebClient$Builder.build()" because the return value of "org.springframework.web.reactive.function.client.WebClient$Builder.baseUrl(String)" is null

	at com.example.conexatest.conexatest.FilmServiceTest.setUp(FilmServiceTest.java:45)
Caused by: java.lang.NullPointerException: Cannot invoke "org.springframework.web.reactive.function.client.WebClient$Builder.build()" because the return value of "org.springframework.web.reactive.function.client.WebClient$Builder.baseUrl(String)" is null
	at com.example.conexatest.conexatest.FilmServiceTest.setUp(FilmServiceTest.java:45)
</error>
  </testcase>
  <testcase name="testGetFilmsByIdNotFound" classname="com.example.conexatest.conexatest.FilmServiceTest" time="0.001">
    <error message="&#10;Failed to release mocks&#10;&#10;This should not happen unless you are using a third-party mock maker" type="org.mockito.exceptions.base.MockitoException">org.mockito.exceptions.base.MockitoException: 

Failed to release mocks

This should not happen unless you are using a third-party mock maker
	at com.example.conexatest.conexatest.FilmServiceTest.setUp(FilmServiceTest.java:45)
Caused by: org.mockito.exceptions.misusing.InjectMocksException: 

Cannot instantiate @InjectMocks field named 'filmService' of type 'class com.example.conexatest.conexatest.service.FilmService'.
You haven't provided the instance at field declaration so I tried to construct the instance.
However the constructor or the initialization block threw an exception : Cannot invoke "org.springframework.web.reactive.function.client.WebClient$Builder.build()" because the return value of "org.springframework.web.reactive.function.client.WebClient$Builder.baseUrl(String)" is null

	at com.example.conexatest.conexatest.FilmServiceTest.setUp(FilmServiceTest.java:45)
Caused by: java.lang.NullPointerException: Cannot invoke "org.springframework.web.reactive.function.client.WebClient$Builder.build()" because the return value of "org.springframework.web.reactive.function.client.WebClient$Builder.baseUrl(String)" is null
	at com.example.conexatest.conexatest.FilmServiceTest.setUp(FilmServiceTest.java:45)
</error>
  </testcase>
</testsuite>